1584356578.402884 client started (13851): version 2.6, socket /tmp/tmux-1000/default, protocol 8
1584356578.402953 on Linux 4.15.0-48-generic #51-Ubuntu SMP Wed Apr 3 08:28:49 UTC 2019; libevent 2.1.8-stable (poll)
1584356578.403003 socket is /tmp/tmux-1000/default
1584356578.403032 trying connect
1584356578.403067 connect failed: Connection refused
1584356578.403092 lock file is /tmp/tmux-1000/default.lock
1584356578.403161 flock succeeded
1584356578.403172 got lock (6)
1584356578.403189 trying connect
1584356578.403211 connect failed: Connection refused
1584356578.403664 add peer 0x561361def8b0: 7 ((nil))
1584356578.403860 sending message 100 to peer 0x561361def8b0 (4 bytes)
1584356578.403868 sending message 101 to peer 0x561361def8b0 (15 bytes)
1584356578.403871 sending message 102 to peer 0x561361def8b0 (11 bytes)
1584356578.403875 sending message 108 to peer 0x561361def8b0 (62 bytes)
1584356578.403879 sending message 104 to peer 0x561361def8b0 (0 bytes)
1584356578.403883 sending message 107 to peer 0x561361def8b0 (4 bytes)
1584356578.403886 sending message 105 to peer 0x561361def8b0 (14 bytes)
1584356578.403890 sending message 105 to peer 0x561361def8b0 (1516 bytes)
1584356578.403900 sending message 105 to peer 0x561361def8b0 (51 bytes)
1584356578.403904 sending message 105 to peer 0x561361def8b0 (34 bytes)
1584356578.403907 sending message 105 to peer 0x561361def8b0 (17 bytes)
1584356578.403911 sending message 105 to peer 0x561361def8b0 (15 bytes)
1584356578.403921 sending message 105 to peer 0x561361def8b0 (11 bytes)
1584356578.403924 sending message 105 to peer 0x561361def8b0 (24 bytes)
1584356578.403928 sending message 105 to peer 0x561361def8b0 (20 bytes)
1584356578.403931 sending message 105 to peer 0x561361def8b0 (70 bytes)
1584356578.403934 sending message 105 to peer 0x561361def8b0 (44 bytes)
1584356578.403938 sending message 105 to peer 0x561361def8b0 (11 bytes)
1584356578.403941 sending message 105 to peer 0x561361def8b0 (41 bytes)
1584356578.403944 sending message 105 to peer 0x561361def8b0 (56 bytes)
1584356578.403947 sending message 105 to peer 0x561361def8b0 (7 bytes)
1584356578.403951 sending message 105 to peer 0x561361def8b0 (18 bytes)
1584356578.403954 sending message 105 to peer 0x561361def8b0 (49 bytes)
1584356578.403957 sending message 105 to peer 0x561361def8b0 (11 bytes)
1584356578.403961 sending message 105 to peer 0x561361def8b0 (25 bytes)
1584356578.403964 sending message 105 to peer 0x561361def8b0 (86 bytes)
1584356578.403968 sending message 105 to peer 0x561361def8b0 (53 bytes)
1584356578.403971 sending message 105 to peer 0x561361def8b0 (27 bytes)
1584356578.403974 sending message 105 to peer 0x561361def8b0 (66 bytes)
1584356578.403978 sending message 105 to peer 0x561361def8b0 (17 bytes)
1584356578.403981 sending message 105 to peer 0x561361def8b0 (59 bytes)
1584356578.403984 sending message 105 to peer 0x561361def8b0 (19 bytes)
1584356578.403987 sending message 105 to peer 0x561361def8b0 (19 bytes)
1584356578.403991 sending message 105 to peer 0x561361def8b0 (21 bytes)
1584356578.403994 sending message 105 to peer 0x561361def8b0 (180 bytes)
1584356578.403998 sending message 105 to peer 0x561361def8b0 (11 bytes)
1584356578.404001 sending message 105 to peer 0x561361def8b0 (29 bytes)
1584356578.404005 sending message 105 to peer 0x561361def8b0 (30 bytes)
1584356578.404008 sending message 105 to peer 0x561361def8b0 (28 bytes)
1584356578.404011 sending message 105 to peer 0x561361def8b0 (20 bytes)
1584356578.404014 sending message 105 to peer 0x561361def8b0 (16 bytes)
1584356578.404017 sending message 105 to peer 0x561361def8b0 (17 bytes)
1584356578.404021 sending message 105 to peer 0x561361def8b0 (52 bytes)
1584356578.404024 sending message 105 to peer 0x561361def8b0 (31 bytes)
1584356578.404027 sending message 105 to peer 0x561361def8b0 (52 bytes)
1584356578.404031 sending message 105 to peer 0x561361def8b0 (29 bytes)
1584356578.404034 sending message 105 to peer 0x561361def8b0 (15 bytes)
1584356578.404038 sending message 105 to peer 0x561361def8b0 (8 bytes)
1584356578.404043 sending message 105 to peer 0x561361def8b0 (18 bytes)
1584356578.404052 sending message 105 to peer 0x561361def8b0 (20 bytes)
1584356578.404055 sending message 105 to peer 0x561361def8b0 (44 bytes)
1584356578.404058 sending message 105 to peer 0x561361def8b0 (14 bytes)
1584356578.404062 sending message 105 to peer 0x561361def8b0 (54 bytes)
1584356578.404065 sending message 105 to peer 0x561361def8b0 (31 bytes)
1584356578.404068 sending message 105 to peer 0x561361def8b0 (35 bytes)
1584356578.404071 sending message 105 to peer 0x561361def8b0 (58 bytes)
1584356578.404074 sending message 105 to peer 0x561361def8b0 (47 bytes)
1584356578.404078 sending message 105 to peer 0x561361def8b0 (228 bytes)
1584356578.404081 sending message 105 to peer 0x561361def8b0 (23 bytes)
1584356578.404084 sending message 105 to peer 0x561361def8b0 (96 bytes)
1584356578.404087 sending message 105 to peer 0x561361def8b0 (32 bytes)
1584356578.404091 sending message 105 to peer 0x561361def8b0 (62 bytes)
1584356578.404094 sending message 105 to peer 0x561361def8b0 (16 bytes)
1584356578.404097 sending message 105 to peer 0x561361def8b0 (16 bytes)
1584356578.404100 sending message 106 to peer 0x561361def8b0 (0 bytes)
1584356578.404104 sending message 200 to peer 0x561361def8b0 (4 bytes)
1584356578.404107 client loop enter
1584356578.412352 peer 0x561361def8b0 message 207
1584356578.412366 sending message 208 to peer 0x561361def8b0 (0 bytes)
1584356580.025037 peer 0x561361def8b0 message 203
1584356580.025049 sending message 205 to peer 0x561361def8b0 (0 bytes)
1584356580.025310 peer 0x561361def8b0 message 204
1584356580.025320 client loop exit
